  AI.cpp
  Cell.cpp
  Game.cpp
Game.cpp(121): warning C4244: 'initializing': conversion from 'float' to 'int', possible loss of data
Game.cpp(142): warning C4244: '=': conversion from 'sf::Int32' to 'float', possible loss of data
  GameObject.cpp
  Goal.cpp
  GraphicManager.cpp
  GridManager.cpp
GridManager.cpp(21): warning C4244: 'argument': conversion from 'time_t' to 'unsigned int', possible loss of data
GridManager.cpp(27): warning C4244: 'initializing': conversion from 'float' to 'int', possible loss of data
GridManager.cpp(28): warning C4244: 'initializing': conversion from 'float' to 'int', possible loss of data
GridManager.cpp(29): warning C4244: 'initializing': conversion from 'float' to 'int', possible loss of data
GridManager.cpp(83): warning C4244: 'argument': conversion from 'float' to 'unsigned __int64', possible loss of data
GridManager.cpp(116): warning C4244: 'return': conversion from 'unsigned __int64' to 'float', possible loss of data
  Main.cpp
  MazeGenerator.cpp
  Pathfinder.cpp
Pathfinder.cpp(36): warning C4244: '-=': conversion from 'float' to 'int', possible loss of data
Pathfinder.cpp(49): warning C4244: 'initializing': conversion from 'float' to 'int', possible loss of data
Pathfinder.cpp(52): warning C4244: 'argument': conversion from 'int' to 'float', possible loss of data
Pathfinder.cpp(59): warning C4244: '+=': conversion from 'float' to 'int', possible loss of data
Pathfinder.cpp(150): warning C4244: 'initializing': conversion from 'float' to 'int', possible loss of data
  TextureManager.cpp
  Generating code
c:\users\celsuss\documents\github\astardemo\astar pathfinder\gridmanager.cpp(127): warning C4172: returning address of local variable or temporary
c:\users\celsuss\documents\github\astardemo\astar pathfinder\gridmanager.cpp(128): warning C4172: returning address of local variable or temporary
  39 of 778 functions ( 5.0%) were compiled, the rest were copied from previous compilation.
    0 functions were new in current compilation
    13 functions had inline decision re-evaluated but remain unchanged
  Finished generating code
  AStar Pathfinder.vcxproj -> C:\Users\Celsuss\Documents\GitHub\AStarDemo\x64\Release\AStar Pathfinder.exe
  AStar Pathfinder.vcxproj -> C:\Users\Celsuss\Documents\GitHub\AStarDemo\x64\Release\AStar Pathfinder.pdb (Full PDB)
