Build started 7/7/2016 4:51:42 PM.
     1>Project "C:\Users\Celsuss\Documents\GitHub\AStarDemo\AStar Pathfinder\AStar Pathfinder.vcxproj" on node 2 (Build target(s)).
     1>ClCompile:
         C:\Program Files (x86)\Microsoft Visual Studio 12.0\VC\bin\CL.exe /c /I"C:\Users\Celsuss\Documents\GitHub\AStarDemo\\SFML-2.1\include" /ZI /nologo /W3 /WX- /sdl /Od /Oy- /D _MBCS /Gm /EHsc /RTC1 /MDd /GS /fp:precise /Zc:wchar_t /Zc:forScope /Fo"Debug\\" /Fd"Debug\vc120.pdb" /Gd /TP /analyze- /errorReport:prompt AI.cpp Game.cpp GridManager.cpp MazeGenerator.cpp Pathfinder.cpp
         GridManager.cpp
     1>c:\users\celsuss\documents\github\astardemo\astar pathfinder\gridmanager.cpp(21): warning C4244: 'argument' : conversion from 'time_t' to 'unsigned int', possible loss of data
     1>c:\users\celsuss\documents\github\astardemo\astar pathfinder\gridmanager.cpp(27): warning C4244: 'initializing' : conversion from 'float' to 'int', possible loss of data
     1>c:\users\celsuss\documents\github\astardemo\astar pathfinder\gridmanager.cpp(28): warning C4244: 'initializing' : conversion from 'float' to 'int', possible loss of data
     1>c:\users\celsuss\documents\github\astardemo\astar pathfinder\gridmanager.cpp(29): warning C4244: 'initializing' : conversion from 'float' to 'int', possible loss of data
     1>c:\users\celsuss\documents\github\astardemo\astar pathfinder\gridmanager.cpp(83): warning C4244: 'argument' : conversion from 'float' to 'unsigned int', possible loss of data
     1>c:\users\celsuss\documents\github\astardemo\astar pathfinder\gridmanager.cpp(116): warning C4244: 'return' : conversion from 'unsigned int' to 'float', possible loss of data
     1>c:\users\celsuss\documents\github\astardemo\astar pathfinder\gridmanager.cpp(127): warning C4172: returning address of local variable or temporary
     1>c:\users\celsuss\documents\github\astardemo\astar pathfinder\gridmanager.cpp(129): warning C4172: returning address of local variable or temporary
         Generating Code...
         Compiling...
         Pathfinder.cpp
     1>c:\users\celsuss\documents\github\astardemo\astar pathfinder\pathfinder.cpp(36): warning C4244: '-=' : conversion from 'float' to 'int', possible loss of data
     1>c:\users\celsuss\documents\github\astardemo\astar pathfinder\pathfinder.cpp(49): warning C4244: 'initializing' : conversion from 'float' to 'int', possible loss of data
     1>c:\users\celsuss\documents\github\astardemo\astar pathfinder\pathfinder.cpp(52): warning C4244: 'argument' : conversion from 'int' to 'float', possible loss of data
     1>c:\users\celsuss\documents\github\astardemo\astar pathfinder\pathfinder.cpp(59): warning C4244: '+=' : conversion from 'float' to 'int', possible loss of data
     1>c:\users\celsuss\documents\github\astardemo\astar pathfinder\pathfinder.cpp(150): warning C4244: 'initializing' : conversion from 'float' to 'int', possible loss of data
         Game.cpp
     1>c:\users\celsuss\documents\github\astardemo\astar pathfinder\game.cpp(121): warning C4244: 'initializing' : conversion from 'float' to 'int', possible loss of data
     1>c:\users\celsuss\documents\github\astardemo\astar pathfinder\game.cpp(142): warning C4244: '=' : conversion from 'sf::Int32' to 'float', possible loss of data
         Generating Code...
     1>c:\users\celsuss\documents\github\astardemo\astar pathfinder\game.cpp(93): warning C4715: 'Game::getGoal' : not all control paths return a value
         Skipping... (no relevant changes detected)
         MazeGenerator.cpp
         AI.cpp
       Link:
         C:\Program Files (x86)\Microsoft Visual Studio 12.0\VC\bin\link.exe /ERRORREPORT:PROMPT /OUT:"C:\Users\Celsuss\Documents\GitHub\AStarDemo\Debug\AStar Pathfinder.exe" /INCREMENTAL /NOLOGO /LIBPATH:"C:\Users\Celsuss\Documents\GitHub\AStarDemo\\SFML-2.1\lib" "sfml-graphics-d.lib" "sfml-window-d.lib" "sfml-system-d.lib" "sfml-audio-d.lib" kernel32.lib user32.lib gdi32.lib winspool.lib comdlg32.lib advapi32.lib shell32.lib ole32.lib oleaut32.lib uuid.lib odbc32.lib odbccp32.lib /MANIFEST /MANIFESTUAC:"level='asInvoker' uiAccess='false'" /manifest:embed /DEBUG /PDB:"C:\Users\Celsuss\Documents\GitHub\AStarDemo\Debug\AStar Pathfinder.pdb" /TLBID:1 /DYNAMICBASE /NXCOMPAT /IMPLIB:"C:\Users\Celsuss\Documents\GitHub\AStarDemo\Debug\AStar Pathfinder.lib" /MACHINE:X86 Debug\AI.obj
         Debug\Cell.obj
         Debug\Game.obj
         Debug\GameObject.obj
         Debug\Goal.obj
         Debug\GraphicManager.obj
         Debug\GridManager.obj
         Debug\Main.obj
         Debug\MazeGenerator.obj
         Debug\Pathfinder.obj
         Debug\TextureManager.obj
         AStar Pathfinder.vcxproj -> C:\Users\Celsuss\Documents\GitHub\AStarDemo\Debug\AStar Pathfinder.exe
     1>Done Building Project "C:\Users\Celsuss\Documents\GitHub\AStarDemo\AStar Pathfinder\AStar Pathfinder.vcxproj" (Build target(s)).

Build succeeded.

Time Elapsed 00:00:02.03
